This is pdfTeX, Version 3.14159265-2.6-1.40.19 (MiKTeX 2.9.6840) (preloaded format=pdflatex 2018.11.22)  23 NOV 2018 01:18
entering extended mode
**./informe.tex
(informe.tex
LaTeX2e <2018-04-01> patch level 5

("/Users/osx/Library/Application Support/MiKTeX/texmfs/install/tex/latex/base/a
rticle.cls"
Document Class: article 2014/09/29 v1.4h Standard LaTeX document class

("/Users/osx/Library/Application Support/MiKTeX/texmfs/install/tex/latex/base/s
ize12.clo"
File: size12.clo 2014/09/29 v1.4h Standard LaTeX file (size option)
)
\c@part=\count80
\c@section=\count81
\c@subsection=\count82
\c@subsubsection=\count83
\c@paragraph=\count84
\c@subparagraph=\count85
\c@figure=\count86
\c@table=\count87
\abovecaptionskip=\skip41
\belowcaptionskip=\skip42
\bibindent=\dimen102
)
("/Users/osx/Library/Application Support/MiKTeX/texmfs/install/tex/latex/base/i
nputenc.sty"
Package: inputenc 2018/04/06 v1.3b Input encoding file
\inpenc@prehook=\toks14
\inpenc@posthook=\toks15
)
("/Users/osx/Library/Application Support/MiKTeX/texmfs/install/tex/generic/babe
l/babel.sty"
Package: babel 2018/11/13 3.27 The Babel package

("/Users/osx/Library/Application Support/MiKTeX/texmfs/install/tex/generic/babe
l/switch.def"
File: switch.def 2018/11/13 3.27 Babel switching mechanism
)
*************************************
* Local config file bblopts.cfg used
*

("/Users/osx/Library/Application Support/MiKTeX/texmfs/install/tex/latex/arabi/
bblopts.cfg"
File: bblopts.cfg 2005/09/08 v0.1 add Arabic and Farsi to "declared" options of
 babel
)
("/Users/osx/Library/Application Support/MiKTeX/texmfs/install/tex/latex/babel-
spanish/spanish.ldf"
Language: spanish.ldf 2016/03/03 v5.0p Spanish support from the babel system

("/Users/osx/Library/Application Support/MiKTeX/texmfs/install/tex/generic/babe
l/babel.def"
File: babel.def 2018/11/13 3.27 Babel common definitions
\babel@savecnt=\count88
\U@D=\dimen103

("/Users/osx/Library/Application Support/MiKTeX/texmfs/install/tex/generic/babe
l/txtbabel.def")
\bbl@dirlevel=\count89
)

Package babel Warning: No hyphenation patterns were preloaded for
(babel)                the language `Spanish' into the format.
(babel)                Please, configure your TeX system to add them and
(babel)                rebuild the format. Now I will use the patterns
(babel)                preloaded for \language=0 instead on input line 51.

\l@spanish = a dialect from \language0
\es@quottoks=\toks16
\es@quotdepth=\count90
Package babel Info: Making " an active character on input line 561.
Package babel Info: Making . an active character on input line 662.
Package babel Info: Making < an active character on input line 707.
Package babel Info: Making > an active character on input line 707.
))
("/Users/osx/Library/Application Support/MiKTeX/texmfs/install/tex/latex/natbib
/natbib.sty"
Package: natbib 2010/09/13 8.31b (PWD, AO)
\bibhang=\skip43
\bibsep=\skip44
LaTeX Info: Redefining \cite on input line 694.
\c@NAT@ctr=\count91
)
("/Users/osx/Library/Application Support/MiKTeX/texmfs/install/tex/latex/graphi
cs/graphicx.sty"
Package: graphicx 2017/06/01 v1.1a Enhanced LaTeX Graphics (DPC,SPQR)

("/Users/osx/Library/Application Support/MiKTeX/texmfs/install/tex/latex/graphi
cs/keyval.sty"
Package: keyval 2014/10/28 v1.15 key=value parser (DPC)
\KV@toks@=\toks17
)
("/Users/osx/Library/Application Support/MiKTeX/texmfs/install/tex/latex/graphi
cs/graphics.sty"
Package: graphics 2017/06/25 v1.2c Standard LaTeX Graphics (DPC,SPQR)

("/Users/osx/Library/Application Support/MiKTeX/texmfs/install/tex/latex/graphi
cs/trig.sty"
Package: trig 2016/01/03 v1.10 sin cos tan (DPC)
)
("/Users/osx/Library/Application Support/MiKTeX/texmfs/install/tex/latex/graphi
cs-cfg/graphics.cfg"
File: graphics.cfg 2016/06/04 v1.11 sample graphics configuration
)
Package graphics Info: Driver file: pdftex.def on input line 99.

("/Users/osx/Library/Application Support/MiKTeX/texmfs/install/tex/latex/graphi
cs-def/pdftex.def"
File: pdftex.def 2018/01/08 v1.0l Graphics/color driver for pdftex
))
\Gin@req@height=\dimen104
\Gin@req@width=\dimen105
)
("/Users/osx/Library/Application Support/MiKTeX/texmfs/install/tex/latex/tools/
indentfirst.sty"
Package: indentfirst 1995/11/23 v1.03 Indent first paragraph (DPC)
)
("/Users/osx/Library/Application Support/MiKTeX/texmfs/install/tex/latex/amsmat
h/amsmath.sty"
Package: amsmath 2017/09/02 v2.17a AMS math features
\@mathmargin=\skip45

For additional information on amsmath, use the `?' option.

("/Users/osx/Library/Application Support/MiKTeX/texmfs/install/tex/latex/amsmat
h/amstext.sty"
Package: amstext 2000/06/29 v2.01 AMS text

("/Users/osx/Library/Application Support/MiKTeX/texmfs/install/tex/latex/amsmat
h/amsgen.sty"
File: amsgen.sty 1999/11/30 v2.0 generic functions
\@emptytoks=\toks18
\ex@=\dimen106
))
("/Users/osx/Library/Application Support/MiKTeX/texmfs/install/tex/latex/amsmat
h/amsbsy.sty"
Package: amsbsy 1999/11/29 v1.2d Bold Symbols
\pmbraise@=\dimen107
)
("/Users/osx/Library/Application Support/MiKTeX/texmfs/install/tex/latex/amsmat
h/amsopn.sty"
Package: amsopn 2016/03/08 v2.02 operator names
)
\inf@bad=\count92
LaTeX Info: Redefining \frac on input line 213.
\uproot@=\count93
\leftroot@=\count94
LaTeX Info: Redefining \overline on input line 375.
\classnum@=\count95
\DOTSCASE@=\count96
LaTeX Info: Redefining \ldots on input line 472.
LaTeX Info: Redefining \dots on input line 475.
LaTeX Info: Redefining \cdots on input line 596.
\Mathstrutbox@=\box26
\strutbox@=\box27
\big@size=\dimen108
LaTeX Font Info:    Redeclaring font encoding OML on input line 712.
LaTeX Font Info:    Redeclaring font encoding OMS on input line 713.
\macc@depth=\count97
\c@MaxMatrixCols=\count98
\dotsspace@=\muskip10
\c@parentequation=\count99
\dspbrk@lvl=\count100
\tag@help=\toks19
\row@=\count101
\column@=\count102
\maxfields@=\count103
\andhelp@=\toks20
\eqnshift@=\dimen109
\alignsep@=\dimen110
\tagshift@=\dimen111
\tagwidth@=\dimen112
\totwidth@=\dimen113
\lineht@=\dimen114
\@envbody=\toks21
\multlinegap=\skip46
\multlinetaggap=\skip47
\mathdisplay@stack=\toks22
LaTeX Info: Redefining \[ on input line 2817.
LaTeX Info: Redefining \] on input line 2818.
)
("/Users/osx/Library/Application Support/MiKTeX/texmfs/install/tex/latex/amsfon
ts/amsfonts.sty"
Package: amsfonts 2013/01/14 v3.01 Basic AMSFonts support
\symAMSa=\mathgroup4
\symAMSb=\mathgroup5
LaTeX Font Info:    Overwriting math alphabet `\mathfrak' in version `bold'
(Font)                  U/euf/m/n --> U/euf/b/n on input line 106.
)
("/Users/osx/Library/Application Support/MiKTeX/texmfs/install/tex/latex/amsfon
ts/amssymb.sty"
Package: amssymb 2013/01/14 v3.01 AMS font symbols
)
("/Users/osx/Library/Application Support/MiKTeX/texmfs/install/tex/latex/url/ur
l.sty"
\Urlmuskip=\muskip11
Package: url 2013/09/16  ver 3.4  Verb mode for urls, etc.
)
("/Users/osx/Library/Application Support/MiKTeX/texmfs/install/tex/latex/geomet
ry/geometry.sty"
Package: geometry 2018/04/16 v5.8 Page Geometry

("/Users/osx/Library/Application Support/MiKTeX/texmfs/install/tex/generic/ober
diek/ifpdf.sty"
Package: ifpdf 2018/09/07 v3.3 Provides the ifpdf switch
)
("/Users/osx/Library/Application Support/MiKTeX/texmfs/install/tex/generic/ober
diek/ifvtex.sty"
Package: ifvtex 2016/05/16 v1.6 Detect VTeX and its facilities (HO)
Package ifvtex Info: VTeX not detected.
)
("/Users/osx/Library/Application Support/MiKTeX/texmfs/install/tex/generic/ifxe
tex/ifxetex.sty"
Package: ifxetex 2010/09/12 v0.6 Provides ifxetex conditional
)
\Gm@cnth=\count104
\Gm@cntv=\count105
\c@Gm@tempcnt=\count106
\Gm@bindingoffset=\dimen115
\Gm@wd@mp=\dimen116
\Gm@odd@mp=\dimen117
\Gm@even@mp=\dimen118
\Gm@layoutwidth=\dimen119
\Gm@layoutheight=\dimen120
\Gm@layouthoffset=\dimen121
\Gm@layoutvoffset=\dimen122
\Gm@dimlist=\toks23

("/Users/osx/Library/Application Support/MiKTeX/texmfs/install/tex/latex/geomet
ry/geometry.cfg")) (informe.aux
LaTeX Info: Redefining \. on input line 6.
LaTeX Info: Redefining \% on input line 6.
 (chapters/1-introduccion.aux)
(chapters/2-marcoteorico.aux) (chapters/3-desarrollo.aux)
(chapters/4-experimentos.aux

LaTeX Warning: Label `fig:ej' multiply defined.

) (chapters/5-conclusion.aux))
\openout1 = `informe.aux'.

LaTeX Font Info:    Checking defaults for OML/cmm/m/it on input line 23.
LaTeX Font Info:    ... okay on input line 23.
LaTeX Font Info:    Checking defaults for T1/cmr/m/n on input line 23.
LaTeX Font Info:    ... okay on input line 23.
LaTeX Font Info:    Checking defaults for OT1/cmr/m/n on input line 23.
LaTeX Font Info:    ... okay on input line 23.
LaTeX Font Info:    Checking defaults for OMS/cmsy/m/n on input line 23.
LaTeX Font Info:    ... okay on input line 23.
LaTeX Font Info:    Checking defaults for OMX/cmex/m/n on input line 23.
LaTeX Font Info:    ... okay on input line 23.
LaTeX Font Info:    Checking defaults for U/cmr/m/n on input line 23.
LaTeX Font Info:    ... okay on input line 23.
LaTeX Info: Redefining \. on input line 23.
LaTeX Info: Redefining \% on input line 23.

("/Users/osx/Library/Application Support/MiKTeX/texmfs/install/tex/context/base
/supp-pdf.mkii"
[Loading MPS to PDF converter (version 2006.09.02).]
\scratchcounter=\count107
\scratchdimen=\dimen123
\scratchbox=\box28
\nofMPsegments=\count108
\nofMParguments=\count109
\everyMPshowfont=\toks24
\MPscratchCnt=\count110
\MPscratchDim=\dimen124
\MPnumerator=\count111
\makeMPintoPDFobject=\count112
\everyMPtoPDFconversion=\toks25
)
("/Users/osx/Library/Application Support/MiKTeX/texmfs/install/tex/latex/oberdi
ek/epstopdf-base.sty"
Package: epstopdf-base 2016/05/15 v2.6 Base part for package epstopdf

("/Users/osx/Library/Application Support/MiKTeX/texmfs/install/tex/generic/ober
diek/infwarerr.sty"
Package: infwarerr 2016/05/16 v1.4 Providing info/warning/error messages (HO)
)
("/Users/osx/Library/Application Support/MiKTeX/texmfs/install/tex/latex/oberdi
ek/grfext.sty"
Package: grfext 2016/05/16 v1.2 Manage graphics extensions (HO)

("/Users/osx/Library/Application Support/MiKTeX/texmfs/install/tex/generic/ober
diek/kvdefinekeys.sty"
Package: kvdefinekeys 2016/05/16 v1.4 Define keys (HO)

("/Users/osx/Library/Application Support/MiKTeX/texmfs/install/tex/generic/ober
diek/ltxcmds.sty"
Package: ltxcmds 2016/05/16 v1.23 LaTeX kernel commands for general use (HO)
)))
("/Users/osx/Library/Application Support/MiKTeX/texmfs/install/tex/latex/oberdi
ek/kvoptions.sty"
Package: kvoptions 2016/05/16 v3.12 Key value format for package options (HO)

("/Users/osx/Library/Application Support/MiKTeX/texmfs/install/tex/generic/ober
diek/kvsetkeys.sty"
Package: kvsetkeys 2016/05/16 v1.17 Key value parser (HO)

("/Users/osx/Library/Application Support/MiKTeX/texmfs/install/tex/generic/ober
diek/etexcmds.sty"
Package: etexcmds 2016/05/16 v1.6 Avoid name clashes with e-TeX commands (HO)

("/Users/osx/Library/Application Support/MiKTeX/texmfs/install/tex/generic/ober
diek/ifluatex.sty"
Package: ifluatex 2016/05/16 v1.4 Provides the ifluatex switch (HO)
Package ifluatex Info: LuaTeX not detected.
)
Package etexcmds Info: Could not find \expanded.
(etexcmds)             That can mean that you are not using pdfTeX 1.50 or
(etexcmds)             that some package has redefined \expanded.
(etexcmds)             In the latter case, load this package earlier.
)))
("/Users/osx/Library/Application Support/MiKTeX/texmfs/install/tex/generic/ober
diek/pdftexcmds.sty"
Package: pdftexcmds 2018/09/10 v0.29 Utility functions of pdfTeX for LuaTeX (HO
)
Package pdftexcmds Info: LuaTeX not detected.
Package pdftexcmds Info: \pdf@primitive is available.
Package pdftexcmds Info: \pdf@ifprimitive is available.
Package pdftexcmds Info: \pdfdraftmode found.
)
Package epstopdf-base Info: Redefining graphics rule for `.eps' on input line 4
38.
Package grfext Info: Graphics extension search list:
(grfext)             [.pdf,.png,.jpg,.mps,.jpeg,.jbig2,.jb2,.PDF,.PNG,.JPG,.JPE
G,.JBIG2,.JB2,.eps]
(grfext)             \AppendGraphicsExtensions on input line 456.
)
*geometry* driver: auto-detecting
*geometry* detected driver: pdftex
*geometry* verbose mode - [ preamble ] result:
* driver: pdftex
* paper: letterpaper
* layout: <same size as paper>
* layoutoffset:(h,v)=(0.0pt,0.0pt)
* modes: 
* h-part:(L,W,R)=(85.35826pt, 472.03123pt, 56.9055pt)
* v-part:(T,H,B)=(56.9055pt, 652.70622pt, 85.35826pt)
* \paperwidth=614.295pt
* \paperheight=794.96999pt
* \textwidth=472.03123pt
* \textheight=652.70622pt
* \oddsidemargin=13.08827pt
* \evensidemargin=13.08827pt
* \topmargin=-52.36449pt
* \headheight=12.0pt
* \headsep=25.0pt
* \topskip=12.0pt
* \footskip=30.0pt
* \marginparwidth=44.0pt
* \marginparsep=10.0pt
* \columnsep=10.0pt
* \skip\footins=10.8pt plus 4.0pt minus 2.0pt
* \hoffset=0.0pt
* \voffset=0.0pt
* \mag=1000
* \@twocolumnfalse
* \@twosidefalse
* \@mparswitchfalse
* \@reversemarginfalse
* (1in=72.27pt=25.4mm, 1cm=28.453pt)

<./images/LogoUsach.pdf, id=1, 317.98799pt x 357.0138pt>
File: ./images/LogoUsach.pdf Graphic file (type pdf)
<use ./images/LogoUsach.pdf>
Package pdftex.def Info: ./images/LogoUsach.pdf  used on input line 31.
(pdftex.def)             Requested size: 79.4968pt x 89.25322pt.
LaTeX Font Info:    Try loading font information for U+msa on input line 55.

("/Users/osx/Library/Application Support/MiKTeX/texmfs/install/tex/latex/amsfon
ts/umsa.fd"
File: umsa.fd 2013/01/14 v3.01 AMS symbols A
)
LaTeX Font Info:    Try loading font information for U+msb on input line 55.

("/Users/osx/Library/Application Support/MiKTeX/texmfs/install/tex/latex/amsfon
ts/umsb.fd"
File: umsb.fd 2013/01/14 v3.01 AMS symbols B
) [1

{/Users/osx/Library/Application Support/MiKTeX/texmfs/data/pdftex/config/pdftex
.map} <./images/LogoUsach.pdf>] (informe.toc
LaTeX Info: Redefining \. on input line 1.
LaTeX Info: Redefining \% on input line 1.
)
\tf@toc=\write3
\openout3 = `informe.toc'.

 [2]
\openout2 = `chapters/1-introduccion.aux'.


(chapters/1-introduccion.tex [1

]) [2]
\openout2 = `chapters/2-marcoteorico.aux'.

 (chapters/2-marcoteorico.tex) [3


]
[4]
\openout2 = `chapters/3-desarrollo.aux'.

 (chapters/3-desarrollo.tex [5


]
<images/Ejemplo.png, id=34, 352.31625pt x 239.89626pt>
File: images/Ejemplo.png Graphic file (type png)
<use images/Ejemplo.png>
Package pdftex.def Info: images/Ejemplo.png  used on input line 11.
(pdftex.def)             Requested size: 140.924pt x 95.95679pt.
) [6 <./images/Ejemplo.png>]
\openout2 = `chapters/4-experimentos.aux'.


(chapters/4-experimentos.tex
File: images/Ejemplo.png Graphic file (type png)
<use images/Ejemplo.png>
Package pdftex.def Info: images/Ejemplo.png  used on input line 8.
(pdftex.def)             Requested size: 176.15768pt x 119.94783pt.
) [7


]
\openout2 = `chapters/5-conclusion.aux'.

 (chapters/5-conclusion.tex) [8


] (informe.bbl

Package natbib Warning: Empty `thebibliography' environment on input line 3.

) [9


] (informe.aux
LaTeX Info: Redefining \. on input line 6.
LaTeX Info: Redefining \% on input line 6.
 (chapters/1-introduccion.aux) (chapters/2-marcoteorico.aux)
(chapters/3-desarrollo.aux) (chapters/4-experimentos.aux)
(chapters/5-conclusion.aux))

LaTeX Warning: There were multiply-defined labels.

 ) 
Here is how much of TeX's memory you used:
 4240 strings out of 494889
 61479 string characters out of 3177076
 136355 words of memory out of 3000000
 7747 multiletter control sequences out of 15000+200000
 10150 words of font info for 38 fonts, out of 3000000 for 9000
 0 hyphenation exceptions out of 8191
 41i,7n,31p,2347b,359s stack positions out of 5000i,500n,10000p,200000b,50000s
</Users/osx/Library/Application Support/MiKTeX/texmfs/install/fonts/type1/pub
lic/amsfonts/cm/cmbx12.pfb></Users/osx/Library/Application Support/MiKTeX/texmf
s/install/fonts/type1/public/amsfonts/cm/cmr12.pfb></Users/osx/Library/Applicat
ion Support/MiKTeX/texmfs/install/fonts/type1/public/amsfonts/cm/cmti12.pfb>
Output written on informe.pdf (11 pages, 130634 bytes).
PDF statistics:
 59 PDF objects out of 1000 (max. 8388607)
 0 named destinations out of 1000 (max. 500000)
 11 words of extra memory for PDF output out of 10000 (max. 10000000)

